162
2  28 74
2  12 4
2  33 9
2  300 94
2  326 62
2  482 37
2  1 112
2  14 359
2  21 160
2  256 32
2  279 36
2  299 56
2  315 144
2  330 295
2  421 46
2  454 468
2  17 225
2  86 353
3  189 40 102
3  334 101 30
3  358 26 2
2  492 162
2  120 219
2  141 292
2  156 231
2  182 147
2  443 240
3  484 23 39
2  495 175
3  0 10 490
3  48 71 45
2  52 221
3  108 159 198
2  111 486
2  155 166
3  329 24 124
2  376 452
3  181 356 25
3  277 199 41
3  8 38 27
3  13 19 294
3  201 210 44
3  263 264 304
3  80 319 70
2  35 142
2  47 77
2  165 42
2  306 69
3  7 107 103
3  11 123 57
3  301 472 67
3  234 6 395
3  261 405 49
3  434 203 185
3  448 218 172
3  15 360 114
3  187 433 95
3  208 236 54
3  320 193 76
3  385 5 29
3  396 258 136
3  18 463 226
3  65 113 79
3  235 213 85
3  242 266 51
3  375 20 31
3  399 350 164
3  78 73 128
3  115 72 104
3  148 337 153
3  244 64 66
2  93 173
3  154 16 43
3  170 177 87
3  410 328 118
3  409 139 362
3  430 455 186
3  3 367 391
4  121 439 59 88
3  268 273 424
4  302 387 106 110
3  345 271 437
3  394 298 267
3  431 451 109
3  467 324 449
3  116 158 378
3  254 414 63
4  259 34 163 126
3  280 462 152
2  97 202
4  310 117 53 130
3  288 473 274
4  180 61 217 133
4  403 91 412 98
4  289 60 276 169
4  145 371 138 307
2  190 241
4  278 498 151 131
3  407 445 438
4  422 249 411 125
4  347 475 251 238
2  196 265
4  311 429 81 179
4  55 149 282 134
4  200 89 474 137
4  363 419 401 135
4  425 90 364 143
2  197 297
4  499 392 204 257
4  207 214 100 373
4  58 352 161 168
2  252 305
4  336 442 245 247
4  397 192 459 206
4  361 99 174 453
4  68 283 22 183
2  286 309
4  92 444 284 178
4  365 105 119 285
4  83 351 400 216
4  140 230 50 75
4  184 212 228 262
2  333 312
4  146 188 132 460
4  220 348 384 209
3  342 322 232
4  222 388 129 377
4  314 427 84 211
2  369 381
4  316 447 237 239
4  331 497 390 270
2  420 382
4  317 195 233 243
2  423 426
4  318 325 332 339
2  441 458
4  321 269 379 96
4  323 341 446 82
4  327 372 122 253
4  335 432 127 150
4  338 450 157 223
4  340 461 167 171
4  343 494 176 227
4  344 191 215 224
4  346 194 229 248
4  349 205 250 260
4  354 246 272 275
4  355 255 290 291
4  357 281 293 296
4  366 287 303 308
4  368 313 370 374
4  380 383 386 389
4  393 398 402 406
4  404 408 413 416
4  415 418 435 436
4  417 428 440 456
4  457 464 465 466
4  469 470 471 477
4  476 478 479 481
4  480 483 485 487
3  488 489 491
2  493 496
