1628
4  5357 5121 6404 5913
4  8148 8785 6255 421
4  2589 5583 6584 3629
4  9906 3987 7710 5231
4  1737 7529 8197 4386
4  2094 9487 8754 5796
4  6735 2395 1756 998
4  2584 6312 8873 6655
4  2861 59 7569 2489
4  7923 6632 5515 7262
4  7704 7444 5905 7796
4  9612 8452 398 8407
4  820 604 9213 1248
4  1729 9004 8603 6459
4  7549 7064 9529 4233
4  4848 6839 8189 8733
4  5886 8437 9354 3904
4  1524 8479 5744 3015
4  4449 4574 6476 3626
4  4318 4100 1287 9620
4  9483 6823 5416 1423
4  7108 9383 4644 4004
4  2545 5427 9618 370
4  3697 973 7792 5363
4  1396 2155 453 4863
4  9131 847 2061 8004
4  4041 9247 2687 2222
4  6668 7168 44 1561
4  3135 4631 2843 8284
4  1492 7100 2117 2935
4  2752 3505 4036 3715
4  5570 9765 3273 7936
4  461 2932 1385 752
4  8775 8287 3295 674
4  6640 2345 5918 8591
4  8854 9813 4695 666
4  5616 2096 6639 5001
4  3420 9888 7525 4106
4  1556 5090 2331 2598
4  5251 3825 1114 4670
4  6762 4147 8689 6196
4  1677 9959 948 2246
4  1081 8384 6756 6613
4  5592 683 864 8240
4  8119 3484 4473 3942
4  1388 8320 7369 132
4  9818 5989 876 7577
4  5526 8911 7515 4090
4  4194 5052 936 7819
4  5083 3149 9128 2968
4  5211 8585 2819 8392
4  2459 8777 8814 3656
4  962 7290 8991 2499
4  7863 3176 684 110
4  2723 7950 7939 3678
4  7368 2728 3457 1491
4  8837 2196 9256 8636
4  7208 7101 2212 5791
4  371 9614 714 9965
4  281 63 8641 2064
4  4808 9267 1101 3302
4  6240 2548 5651 9019
4  5602 7259 5042 1013
4  2475 9894 4579 4430
4  4916 3024 3765 4405
4  7834 839 3647 4685
4  5048 1071 2008 4961
4  7945 6170 3795 2124
4  7198 5945 8152 7937
4  1004 1233 9986 2228
4  1115 6677 5046 4141
4  3272 9295 336 8058
4  384 7927 854 2922
4  2141 6782 6495 1830
4  7104 2070 1707 7201
4  1734 5101 818 4957
4  4702 7409 7135 8639
4  5773 1341 976 8612
4  2115 49 6702 7757
4  1164 443 7540 9305
4  1214 7896 5653 4886
4  2080 9307 9568 4917
4  2558 82 3096 8063
4  4788 3463 1146 3499
4  5214 6381 4964 6107
4  7825 7202 2727 1955
4  7961 6252 4135 5982
4  4509 3792 3047 4983
4  6176 5772 8338 3309
4  7313 2964 2274 5310
4  5295 3566 7136 7305
4  7595 3607 4240 8608
4  3940 5713 3896 636
4  4874 7543 887 9866
4  1353 1851 4925 9433
4  3228 6168 9527 8485
4  1210 3293 3437 1988
4  4322 6550 4406 9129
4  71 7516 1812 1742
4  8322 5625 4940 8745
4  1203 9795 1322 1450
4  6935 4185 4131 3042
4  7551 7 47 1671
4  7145 2456 5219 3142
4  8116 5006 5383 2759
4  7579 8465 594 4657
4  3114 766 9539 2962
4  7326 8851 4637 4074
4  9552 1094 5873 7359
4  4167 3686 3844 9
4  2259 2481 4235 8387
4  1713 9690 9946 7583
4  7231 1934 4655 4561
4  5652 532 5494 6129
4  2686 8803 4847 2293
4  7715 8553 1050 2982
4  9525 7447 7083 1946
4  9263 9235 9917 4244
4  727 1895 3196 4475
4  3072 7088 7032 9532
4  723 4102 8250 2736
4  4112 6957 7308 3357
4  62 8010 4320 2342
4  4374 954 7648 6913
4  7196 859 1724 1591
4  8736 9196 3337 7725
4  3519 2340 8644 5777
4  8332 2726 3155 4402
4  213 6882 4912 5163
4  8375 992 850 8193
4  2045 4619 6611 2652
4  6547 9063 1418 3689
4  4076 1568 3170 8138
4  2060 8767 6178 9966
4  5904 5729 4490 5686
4  9106 1433 4638 3889
4  5172 3672 9542 6567
4  9119 3542 7148 1621
4  2544 2749 2828 586
4  4995 6558 3757 8478
4  2642 2085 7851 6571
4  9747 7494 3781 120
4  3648 9344 6534 3475
4  3775 8601 2628 7814
4  201 9576 5156 4390
4  8626 6038 5366 2814
4  7451 4139 2308 2870
4  3257 7643 7862 7079
4  774 2300 7464 5931
4  4550 328 6134 1839
4  8397 3593 6537 4150
4  7545 9559 58 8186
4  403 1763 3376 6147
4  2323 6927 8233 5081
4  676 4058 2862 3112
4  9302 18 8997 8267
4  2795 8865 8242 1383
4  9151 3869 7673 8506
4  9275 8259 8849 2305
4  9713 6467 9528 2213
4  4959 8187 3708 9243
4  2036 1711 6123 8286
4  4044 3840 3842 6359
4  7316 6171 5845 1160
4  9900 9320 446 7008
4  3451 8616 3583 1936
4  8115 2123 7703 11
4  4480 7166 8094 5540
4  5609 333 3126 8430
4  7445 2160 778 2313
4  8079 2243 3950 9873
4  1049 2267 7267 9514
4  3526 9921 1552 9374
4  245 4837 8509 5096
4  654 9605 2535 5359
4  1136 1509 4284 3106
4  8101 8167 7944 1427
4  2023 5854 7026 2985
4  6050 2817 2944 3618
4  3913 2282 8367 9289
4  5136 8036 7466 1767
4  5324 7385 1845 8348
4  7726 373 7953 6580
4  687 6300 5209 7522
4  4551 9784 4902 9283
4  2920 2674 463 3253
4  6777 6481 8721 9732
4  706 5665 2203 3632
4  3745 3899 3083 7922
4  4498 6842 9856 1372
4  1231 2718 5919 65
4  9340 9722 6985 4516
4  6060 8563 3002 2112
4  177 6989 4690 2351
4  5600 9942 8834 2994
4  8701 7756 4151 522
4  7700 7050 3229 8026
4  593 9691 9649 3356
4  5622 780 6638 1357
4  1359 7212 8047 1817
4  4965 6313 2941 7209
4  7920 2572 1085 3443
4  8346 1096 877 9366
4  9111 2619 4352 3485
4  1996 251 9252 1336
4  6582 6602 8697 1976
4  6329 745 9778 717
4  8253 2364 5891 9123
4  2571 2009 6477 67
4  4137 9443 5962 565
4  4951 9751 9968 4582
4  103 3368 5793 6316
4  2802 9779 8811 1861
4  6363 4351 7629 6426
4  8839 5909 3089 2905
4  709 5492 2095 8199
4  8477 4477 257 171
4  2647 9365 7671 1001
4  6994 9154 9325 7330
4  7119 7981 8751 332
4  6 7489 1787 1340
4  645 9585 1717 6666
4  4259 2536 9546 4134
4  9124 1202 5593 9363
4  214 8614 4867 9806
4  1510 4293 4977 7153
4  3379 3496 7911 5733
4  4884 60 750 8200
4  6415 5149 1701 2776
4  1344 6914 4357 1364
4  2162 3214 1740 9930
4  8947 9629 9511 7613
4  3062 8529 1505 5330
4  3308 5239 5544 8163
4  188 1820 2957 3730
4  4557 9974 3750 5332
4  8501 4222 5244 9545
4  8923 4727 5970 6342
4  8835 5518 1883 2575
4  1975 7391 8003 6738
4  5236 7057 8658 1800
4  6956 6297 6188 8990
4  7934 7439 7344 9962
4  8779 8651 8168 9426
4  4711 1249 8040 7647
4  5991 296 3579 3223
4  321 7677 8431 9341
4  1351 9166 924 1564
4  4331 1965 1747 5758
4  4696 8449 3473 5131
4  7415 2245 5529 4161
4  3120 1743 773 8607
4  4572 8056 7972 902
4  791 5488 7699 9626
4  1522 9550 4717 4870
4  7210 5808 385 8915
4  9419 767 2265 631
4  2509 2043 8579 407
4  4415 1061 55 6377
4  5028 3655 797 6742
4  5683 6419 1714 5728
4  5835 3087 4600 3997
4  96 6616 1810 1948
4  2573 1673 8418 7524
4  5074 9271 6273 7567
4  6042 2089 2809 197
4  7824 6627 5720 3557
4  9397 7250 8470 6769
4  301 3834 1178 9572
4  8866 264 5553 8183
4  9569 5155 4960 6226
4  1200 6144 4367 6410
4  1523 3306 8548 3167
4  2952 3830 9566 8702
4  3845 1889 3870 8659
4  1636 8625 3791 3905
4  9853 1508 5375 875
4  6309 6336 4079 5610
4  8487 2055 9048 3271
4  9797 8940 7436 1228
4  3137 1476 8132 5864
4  3978 9250 9718 4043
4  6192 4861 7155 1998
4  7748 4524 9952 1912
4  730 3673 4649 278
4  2612 2353 4200 6198
4  2486 9689 9265 3367
4  6384 8671 9746 85
4  6058 3857 3944 2000
4  283 432 836 9843
4  3001 5308 9871 1140
4  6028 9078 7443 4617
4  6747 8707 7412 634
4  3 7253 8172 1853
4  1429 8677 6662 3885
4  5476 7302 2912 3278
4  1483 3028 6012 6010
4  5170 7880 8204 4607
4  8297 4706 8442 8964
4  9507 7118 2927 5203
4  263 6146 6981 4307
4  884 4179 4527 6578
4  915 7095 1040 7603
4  1587 1720 8670 7696
4  4532 8453 7861 9695
4  9755 6320 1708 3728
4  4469 995 464 7319
4  5207 3518 7617 3037
4  6483 5849 1037 7296
4  7103 6110 3022 1821
4  8683 6757 6444 6296
4  513 2585 1681 7536
4  5803 5174 4038 4883
4  7978 1378 559 1253
4  1224 8929 1542 1073
4  3508 4871 8750 4474
4  7618 6370 9880 3375
4  2877 3877 8932 9908
4  4565 3736 7759 1116
4  8722 8895 6498 3362
4  3561 5197 1684 4521
4  1117 1152 9464 2488
4  1526 1154 6220 2627
4  1923 1484 3511 9769
4  2939 5785 8692 6367
4  3248 8328 7823 2937
4  4786 5278 8637 8466
4  9359 7178 3055 4946
4  137 1571 7870 8956
4  4439 8524 7041 5902
4  9599 8874 520 7463
4  3892 2798 56 17
4  4361 2592 174 4668
4  4292 4975 1361 926
4  5462 9849 5823 970
4  3853 916 172 5547
4  7678 1833 3516 5705
4  9197 3107 1712 9961
4  1261 3544 6656 1601
4  5341 7255 6389 5998
4  5839 1726 6231 3769
4  2566 10 7130 760
4  2600 6577 9014 2007
4  5941 8527 5250 9425
4  6605 1765 5378 9984
4  6965 5441 8516 3540
4  9907 5446 7238 4663
4  2185 9350 5503 9895
4  6938 1570 5649 7363
4  529 1234 556 912
4  846 2368 7624 1430
4  5548 688 6856 208
4  7215 145 3746 4731
4  3050 7740 1197 2766
4  4604 1122 8714 5013
4  6715 844 5151 5563
4  297 3969 6526 525
4  451 9168 5579 2165
4  738 3134 2106 9121
4  8363 9092 8673 1963
4  8931 1487 923 6205
4  2716 6364 9597 9161
4  5271 1827 6752 9741
4  6583 7218 5118 9182
4  5325 7839 139 7346
4  6266 8239 7518 5056
4  6540 6133 7558 9490
4  7778 8059 9214 4990
4  164 1648 5007 9246
4  2407 6149 7149 8161
4  3104 2295 4093 9450
4  117 4627 6396 6451
4  2221 4230 7151 3674
4  2649 5627 7692 3691
4  3258 1589 480 2309
4  4491 6052 2848 3608
4  8081 8833 2127 7204
4  2484 8044 8824 5899
4  5017 7152 3029 5948
4  211 7499 178 8609
4  2804 9390 5574 7318
4  8650 87 642 8653
4  9594 6623 6102 1311
4  628 656 2811 2555
4  2879 7983 5875 5824
4  4126 2836 28 3932
4  8198 1825 931 6531
4  8293 8617 5879 6645
4  1010 6721 1847 1159
4  6680 3828 8305 1856
4  9135 2590 6215 2872
4  1015 6036 289 3239
4  3276 1876 8247 5815
4  9719 7278 206 1877
4  2125 3480 4555 9580
4  6157 1866 9776 6731
4  7752 3677 5513 4573
4  9588 4859 6256 1735
4  597 900 1943 151
4  3973 8606 9471 3527
4  7954 3692 1464 4671
4  9414 1620 9286 5487
4  2516 4650 8578 6350
4  6193 9852 9637 1129
4  2538 7375 2697 5061
4  8652 6685 6206 1632
4  590 5981 2226 8468
4  1056 834 9276 5094
4  1393 4522 8434 3891
4  4170 1819 9499 3808
4  6703 7888 3895 124
4  8134 1994 3132 1704
4  9382 5058 6053 6152
4  1205 3092 8258 3980
4  2999 9241 7413 1718
4  4496 6741 9407 3573
4  4792 6984 142 1874
4  5559 307 290 2254
4  6111 7764 2428 7777
4  1260 7875 8967 4857
4  2732 6443 9799 9165
4  4054 1888 589 4725
4  8537 4933 1642 362
4  53 7475 7286 5794
4  7105 8684 2190 4865
4  8342 9238 6155 7841
4  236 4611 4661 8035
4  1562 9530 7542 1884
4  2705 6228 9675 1440
4  4997 9326 7734 7610
4  2091 4875 4442 5644
4  4055 9602 6932 5710
4  4814 3297 8907 5371
4  6306 7361 4636 7733
4  7512 9714 9376 4989
4  9748 7884 7090 6827
4  5418 4692 3558 1837
4  9730 253 6628 898
4  2490 6651 6676 3567
4  4091 9864 4703 7526
4  4592 7219 8032 5235
4  4774 540 1023 5474
4  7993 7406 9896 5035
4  9761 6326 648 2765
4  1445 4381 3924 4066
4  2020 3839 5020 1406
4  2241 7659 4363 689
4  6849 7003 2887 9922
4  735 5517 2400 1282
4  2854 6365 4506 9523
4  3912 7074 4716 9456
4  5044 5671 4559 358
4  6557 3654 3945 9016
4  2565 8423 4187 2806
4  3802 8241 2461 2081
4  4926 8176 9976 4904
4  7662 7594 3531 6778
4  8123 1598 1595 1467
4  3553 6794 5916 4656
4  4771 4089 4773 1339
4  6733 5530 8019 489
4  534 3498 3422 9453
4  4064 6976 7914 5457
4  4410 9650 6380 1723
4  6366 5389 1332 8333
4  7382 2320 6436 3906
4  2006 8597 7037 6673
4  2457 5355 1422 6528
4  6289 5205 1609 7534
4  1533 7356 4412 9220
4  7374 210 2783 9988
4  7432 2375 1471 6076
4  7683 33 147 6361
4  9368 5898 8938 8894
4  404 6800 9468 9848
4  960 6988 7785 3704
4  3760 4879 2389 3323
4  5336 2907 8432 5178
4  8861 146 8153 5633
4  622 1584 6340 4478
4  4495 6857 4639 6514
4  909 5551 3718 4720
4  4375 5489 9879 7943
4  6490 2381 6784 9192
4  7821 8889 8043 6585
4  8376 8715 4766 8150
4  2462 3244 9561 8648
4  3145 5856 7426 9726
4  4011 7419 8325 8823
4  5086 7249 9043 1529
4  7768 8898 1930 9072
4  7818 1021 4452 835
4  737 2260 7230 3882
4  2398 9703 396 7013
4  2401 3582 4026 4057
4  2874 5869 9684 3559
4  3617 3595 1922 198
4  7310 2129 6208 3153
4  7530 7175 8299 4953
4  9361 6016 804 1090
4  3914 9143 3983 5908
4  7592 3299 635 5255
4  8845 7917 5901 5380
4  150 8679 6834 8712
4  1512 5467 5085 6184
4  3352 9631 5461 9971
4  5776 9222 5832 2134
4  6870 7990 9122 9667
4  8954 1952 8746 5556
4  39 5865 6466 9802
4  3371 8425 6202 7596
4  3966 5920 2191 6649
4  1886 3188 7956 3011
4  3749 7010 4704 4202
4  3985 7116 9606 149
4  4467 32 4823 3129
4  4907 5724 3136 6705
4  5522 9549 7454 4124
4  7770 45 1507 512
4  9429 5615 8682 170
4  359 947 4887 7689
4  3075 5531 8519 7480
4  3339 7876 2148 2672
4  7966 8238 6724 9978
4  9062 9221 9183 4514
4  711 1822 313 9299
4  3564 2167 4016 9173
4  9091 9828 5756 6637
4  9734 2277 1347 7221
4  678 2924 5896 5566
4  1761 4640 2343 8562
4  3428 7809 3811 8264
4  6421 8276 1908 3020
4  6700 7220 7970 2707
4  9868 4208 300 3322
4  1100 8196 8632 7731
4  1256 6446 7964 2198
4  6243 5047 6873 2467
4  6574 7186 611 9891
4  0 6811 6203 2024
4  849 1382 6553 3681
4  3641 3991 5584 4335
4  3694 8263 1174 7975
4  4465 6160 5164 4949
4  5451 5939 2495 2983
4  6264 9096 6015 9459
4  471 3121 9573 1044
4  2278 5954 3724 5362
4  6248 6681 4659 3818
4  1047 9996 8908 4708
4  5166 1199 6903 4790
4  5277 2875 9068 6942
4  6659 6596 5721 8711
4  7984 8752 8133 5449
4  8027 8517 4286 708
4  9752 9987 4992 1157
4  5657 6522 4340 1411
4  6726 2367 2337 3127
4  7386 1569 3203 6022
4  7424 4215 1181 6719
4  9583 1179 9328 7384
4  5040 8801 541 5836
4  5240 6648 9836 7425
4  5860 5947 4419 1593
4  9210 7727 9633 4052
4  433 1106 1668 8222
4  3226 2506 4456 3412
4  4511 3517 9038 562
4  6017 1381 8160 6246
4  6112 7509 9721 889
4  2062 3894 1616 5730
4  5173 514 2329 8863
4  5763 825 7555 7521
4  8143 8667 5536 5813
4  1840 7500 6713 8031
4  2702 6478 8696 9995
4  3031 6351 4206 8413
4  3563 355 204 6492
4  8210 8202 3972 1535
4  2025 2601 1409 240
4  2296 8828 6280 6960
4  5157 3105 5872 4092
4  5496 8864 7877 1062
4  9486 968 8336 608
4  1400 70 8810 7729
3  1751 465 5198
3  1768 4228 7633
3  2120 7751 9935
3  4359 2954 3809
3  4958 4188 4742
3  8139 6275 4943
3  1012 2159 8919
3  2437 234 1843
3  3330 6864 2033
3  3596 8876 9028
3  6051 5368 8006
3  8977 1321 4858
3  9920 919 456
3  530 9198 5606
3  955 4801 978
3  2578 1330 7995
3  3004 9269 4000
3  3235 270 136
3  3657 131 4046
3  6263 2746 7924
3  9418 1640 8215
3  430 6008 97
3  431 5082 9768
3  3311 8454 2604
3  3926 7614 6576
3  5751 7397 4301
3  8089 9519 3939
3  9187 2661 6097
3  9600 1750 2786
3  9716 1939 500
3  372 439 4942
3  620 5208 9699
3  2193 6964 7407
3  2762 2072 8137
3  2949 9201 4534
3  6698 9332 5245
3  9446 8401 2694
3  9767 3956 5986
3  673 5191 6161
3  1036 1259 8180
3  1744 2632 7663
3  1980 6003 2977
3  4796 9431 2514
3  6761 9656 2102
3  6890 6565 5482
3  7170 2713 9584
3  8447 3212 183
3  9086 885 4221
3  9538 1519 2595
3  1475 2074 7457
3  1796 2772 6835
3  3590 956 3370
3  4798 9944 1649
3  6824 8252 1546
3  6844 8822 9398
3  7991 1318 6137
3  24 8435 3060
3  1961 3793 2953
3  2399 4104 6809
3  3280 6887 86
3  6352 6121 6197
3  8326 1694 5752
3  8383 37 9855
3  8568 1279 2207
3  9413 9083 7586
3  3344 4839 7895
3  4238 5732 4502
3  4387 4635 5666
3  4777 5994 6463
3  6450 7800 9075
3  7674 2881 4783
3  7881 2891 6959
3  8037 1983 6972
3  8859 1755 3364
3  457 458 4358
3  2297 3822 7724
3  6302 7461 7554
3  7471 4595 9137
3  9036 6963 8314
3  487 3543 7812
3  602 8900 9094
3  756 7410 8486
3  1538 5897 4596
3  4248 2608 5168
3  4400 2903 4339
3  7320 9009 7387
3  7357 4434 9047
3  7362 2144 2210
3  8815 2596 4399
3  335 2149 462
3  3052 8353 3875
3  3141 392 8093
3  3951 7094 9215
3  4116 7206 1536
3  5024 6311 2785
3  6471 6506 2741
3  6915 8766 3347
3  8930 9114 9564
3  9035 2028 1453
3  221 3021 4504
3  801 1161 3887
3  1371 9578 2469
3  2610 40 2956
3  6332 2837 1778
3  6353 6818 9651
3  9838 4069 5066
3  1678 5233 8028
3  1688 2892 7078
3  2859 4994 5181
3  3651 7850 168
3  3789 6448 739
3  5628 4982 4097
3  6127 9659 4877
3  6925 8438 2059
3  7602 802 842
3  7889 6175 615
3  31 9709 840
3  725 6232 9820
3  2412 8663 7632
3  4736 502 3012
3  6148 7959 644
3  1009 2683 9993
3  1426 2307 7557
3  2685 2101 7859
3  4291 5106 393
3  4688 5125 7742
3  6229 7694 8426
3  6328 9394 4567
3  6944 511 1220
3  8543 325 4488
3  8737 3318 613
3  78 4549 8022
3  152 639 6725
3  343 3841 9678
3  402 5128 2169
3  1959 2388 8643
3  5817 8576 229
3  6699 4689 1869
3  7960 9540 1043
3  9015 7971 9227
3  9223 5959 8804
3  9595 7803 8950
3  2950 68 34
3  4787 5631 9489
3  5558 4099 3743
3  5719 848 5190
3  6473 5882 3679
3  7395 793 5676
3  4031 726 4826
3  5422 7631 640
3  6034 8256 467
3  7423 1377 8903
3  953 1979 3123
3  1080 9957 2472
3  1165 1807 413
3  2242 7314 3903
3  3555 305 6005
3  4855 6746 252
3  4880 579 7697
3  6315 6952 7994
3  7532 5881 8398
3  8097 1892 7132
3  13 5731 5850
3  20 1167 3396
3  1270 2002 193
3  3515 76 3509
3  3698 4969 153
3  4723 2304 2215
3  5443 4811 7176
3  6225 477 5212
3  6452 6357 740
3  7430 7581 9475
3  9887 1590 6922
3  9892 4451 6563
3  860 1502 2137
3  2164 7666 395
3  2669 7496 5146
3  4047 8571 9274
3  4298 5951 8629
3  57 3621 6046
3  346 4173 7826
3  2929 4750 7713
3  3665 4078 6095
3  4267 293 649
3  5863 2358 5950
3  6189 414 3233
3  6291 6479 5161
3  6674 1369 1953
3  9280 2232 3581
3  1549 3246 3449
3  1586 4246 9830
3  2019 2432 2799
3  2527 4245 4279
3  2629 4155 8212
3  2898 9337 3761
3  4554 4679 1416
3  4922 9524 949
3  5829 7036 1504
3  7906 8206 2634
3  7951 83 7194
3  937 3146 9157
3  1276 5346 8821
3  3902 5026 868
3  4249 554 5895
3  4662 8986 1286
3  6104 568 9105
3  6210 7024 7252
3  6544 1084 2824
3  6740 2533 4653
3  7565 7804 1194
3  8456 9065 444
3  1650 3261 9543
3  2531 3838 7236
3  2751 16 3748
3  3161 4030 6244
3  3482 9234 2529
3  3504 7653 4767
3  4311 4314 2303
3  4747 23 5200
3  9313 9526 6270
3  1516 4537 4856
3  1793 7813 5401
3  2668 5714 1032
3  3263 3773 8498
3  3431 7743 1031
3  3806 9294 1118
3  5387 8675 9496
3  6630 1514 4398
3  7197 1250 9680
3  8229 3174 4328
3  982 1527 4501
3  1532 6258 7963
3  2047 3930 9958
3  3332 6664 9458
3  3911 8440 9333
3  4176 7490 7150
3  5672 7018 9635
3  6294 9692 2442
3  8277 675 9810
3  8965 1201 4841
3  9488 5237 5059
3  1296 4623 6510
3  1452 1891 2671
3  1986 4001 6920
3  3316 4578 2712
3  4892 6828 1618
3  4914 6245 499
3  6612 2264 3880
3  7559 3824 6494
3  8201 9551 5373
3  8355 8642 9251
3  8952 2422 5769
3  1027 5199 7622
3  1606 2143 8729
3  3125 5834 5980
3  3513 6430 365
3  4713 6693 6962
3  4935 5175 6744
3  6569 3407 7237
3  6822 8727 4775
3  6852 8179 8289
3  8654 9260 3099
3  9085 9002 8235
3  9711 4144 8918
3  225 459 4447
3  858 4164 7828
3  3747 5641 4898
3  4605 9858 6604
3  5043 8067 1898
3  6093 8177 2328
3  7761 9022 3147
3  9149 8593 1951
3  30 4095 9655
3  115 4407 1806
3  3570 5400 9181
3  5097 8981 123
3  7418 185 7600
3  7957 8808 8897
3  9272 6130 8382
3  1058 4562 6118
3  2335 8567 5098
3  2402 9611 7849
3  3274 6846 6323
3  3547 94 6766
3  6600 1865 2046
3  9624 1978 7665
3  9985 1132 4325
3  576 1110 7721
3  1669 4558 5471
3  2235 2570 7190
3  2946 4156 1639
3  3355 6126 5077
3  4482 6002 6727
3  5831 8108 9073
3  6398 8756 2205
3  6590 8978 4197
3  6851 2466 7315
3  7048 4546 6090
3  8472 4840 3587
3  2220 5442 7273
3  2240 7085 8129
3  4694 6472 7616
3  6078 7868 5505
3  6669 7127 1288
3  6899 7899 6223
3  6993 8340 2333
3  7247 8753 9338
3  8388 896 1754
3  8393 473 5944
3  8806 2591 8572
3  9771 1835 5812
3  9927 2582 6711
3  3078 4804 9859
3  3615 3883 8734
3  4489 6304 2105
3  5019 7329 9745
3  5041 6524 7634
3  7693 1848 6774
3  7805 9613 516
3  8372 899 1137
3  160 1271 2216
3  1266 5323 101
3  1774 4564 2911
3  2294 7460 22
3  3506 143 3324
3  8640 419 7815
3  1192 5800 6356
3  1212 1849 4308
3  1313 2730 5189
3  2234 2549 4172
3  3265 3884 6560
3  3664 5621 6803
3  3878 5613 9003
3  5140 6990 8573
3  5460 6697 9013
3  5702 6739 2754
3  6671 9877 3281
3  7275 1086 5276
3  9603 9948 1653
3  2136 4746 8996
3  2199 417 5134
3  2237 2793 3402
3  3038 4312 8994
3  3439 753 2453
3  3933 7123 2781
3  7121 8021 9134
3  7491 3578 8773
3  558 1699 5268
3  906 2390 5171
3  3097 3849 9029
3  4217 7686 7931
3  4255 5397 9194
3  6063 1127 1170
3  6064 9679 1656
3  6581 550 1488
3  9261 2016 2268
3  9744 2417 5598
3  381 1480 4136
3  796 2852 6831
3  1461 3873 4918
3  2289 3782 5523
3  4196 5903 6595
3  4394 4599 8716
3  4818 6023 8411
3  5234 5426 9844
3  6035 6414 8316
3  6636 1783 2951
3  7510 9008 3131
3  8084 159 2621
3  9230 472 3491
3  219 2406 2444
3  828 6520 8166
3  1093 2775 3817
3  1172 1624 4678
3  3381 5246 8759
3  3888 4613 4630
3  5253 6261 7400
3  6096 6132 133
3  7117 7786 8049
3  7233 8789 9901
3  8464 1404 6373
3  8793 279 4094
3  9759 893 2068
3  217 1627 1814
3  845 3262 4910
3  1665 3300 6227
3  1867 1985 2334
3  2731 3965 8633
3  3334 3442 5966
3  3783 5736 6432
3  5770 6517 6529
3  6953 1208 4932
3  7309 7684 1221
3  7788 8618 2750
3  7903 8539 3401
3  8987 1781 2281
3  218 1801 3584
3  610 1836 9502
3  2065 3312 3744
3  2554 2987 401
3  2711 4088 4479
3  3721 5577 651
3  4193 6180 9535
3  4487 5313 7675
3  5391 5398 1904
3  5586 5917 3539
3  5972 7501 2722
3  7925 7969 9534
3  8165 4894 7110
3  9575 990 1899
3  669 1184 3445
3  1646 3927 89
3  3862 5064 7898
3  5104 5132 7980
3  5370 545 3076
3  6417 6586 1292
3  6812 2326 3929
3  7371 9200 2376
3  7388 1638 3411
3  8665 2184 4538
3  9660 934 3085
3  1716 2464 3216
3  2947 4428 8638
3  3124 4529 249
3  3947 4981 7672
3  4544 5599 771
3  5481 9754 144
3  5594 7502 7695
3  7065 7289 1935
3  8694 292 2173
3  9770 9882 1130
3  9846 163 1928
3  9941 977 1299
3  757 3521 5345
3  827 1683 2480
3  2087 2560 4628
3  3017 3807 6259
3  3424 7043 304
3  4669 5511 8015
3  6405 7907 207
3  6770 8525 8584
3  7664 7902 9356
3  8268 9156 2835
3  8842 9209 1120
3  8934 930 2022
3  894 1138 1870
3  1469 2057 3115
3  2050 6805 288
3  2463 3580 3313
3  2567 6068 7744
3  2990 4163 6973
3  4833 7096 9670
3  5122 6307 6958
3  6409 7608 9140
3  6497 241 4553
3  7177 8732 1209
3  9089 199 5429
3  157 691 6331
3  316 4842 4882
3  618 1331 8273
3  2011 5804 7134
3  3610 3941 4646
3  4149 7223 7274
3  7014 7553 643
3  7962 8709 865
3  8776 287 2564
3  8853 9860 2179
3  9785 3353 7640
3  356 3893 5725
3  728 3178 4948
3  2227 4337 9179
3  3186 3541 5514
3  4392 5192 6897
3  6301 6541 1227
3  6425 7163 7544
3  7216 7642 9225
3  7878 8298 8886
3  8068 8409 1574
3  8502 9152 819
3  9491 108 616
3  862 1652 4468
3  1277 1841 4789
3  1958 1971 2418
3  2288 2805 5329
3  3006 4226 4714
3  3753 4355 5182
3  5060 5578 5663
3  5206 5254 733
3  5550 6513 7019
3  5718 7229 9647
3  6213 8870 1809
3  6387 6904 9367
3  7298 7546 1495
3  7795 186 2563
3  8534 8645 867
3  9100 9863 2163
3  9406 784 3425
3  9710 425 4143
3  2239 3536 4508
3  2841 4598 5741
3  3438 3798 5424
3  4634 5658 7948
3  5534 5612 5848
3  5825 6087 8141
3  5952 7087 800
3  6629 6796 8310
3  6814 8941 9172
3  8740 769 1376
3  9232 9329 348
3  9553 9617 9885
3  9870 347 3812
3  226 1479 2577
3  378 2201 3209
3  1563 1661 1700
3  1615 2318 2344
3  2435 2689 4791
3  3208 3712 5573
3  4693 5611 8564
3  5510 7091 1403
3  5771 9423 9590
3  5958 6484 9582
3  6620 9570 128
3  7349 789 4518
3  7556 1099 4726
3  9158 383 719
3  189 2152 4290
3  1685 3917 4906
3  4403 6748 9314
3  4986 7333 7799
3  6125 7434 7441
3  6253 7365 8309
3  8103 8771 9876
3  8321 9555 441
3  9346 9862 415
3  349 1196 4709
3  633 1494 3213
3  958 1235 1949
3  1131 1788 4211
3  1909 2451 2586
2  2012 5183
2  2470 4939
2  5294 5316
2  5409 6917
2  6692 7758
2  6701 7140
2  7060 7580
2  7459 7541
2  7835 8493
2  7946 8086
2  8064 9954
2  8347 863
2  9205 703
2  9819 203
2  291 361
2  831 1188
2  1119 1180
2  1230 1284
2  1679 1799
2  1868 2878
2  1993 2382
2  2356 2550
2  3327 3784
2  3859 5343
2  3860 4996
2  3949 5148
2  5379 8686
2  6279 6456
2  6457 8080
2  8282 8960
2  8379 9737
2  9323 4
2  280 693
2  388 405
2  509 782
2  935 1335
2  1105 2384
2  1323 1611
2  1732 1818
2  2035 2483
2  2498 4621
2  3247 3821
2  5410 6843
2  5694 7507
2  5779 8406
2  7479 7669
2  7807 7965
2  8412 227
2  8726 9372
2  8875 1046
2  9999 200
2  258 1111
2  268 2324
2  922 1074
2  1133 2378
2  1135 2789
2  2579 3394
2  3787 4254
2  4330 4344
2  4632 4633
2  4664 4675
2  4734 4950
2  5051 5833
2  5699 6085
2  6233 7307
2  6407 8970
2  7251 318
2  7753 8784
2  8410 8985
2  8955 9102
2  9663 662
2  9807 376
2  811 983
2  1029 1553
2  1987 2086
2  2311 2373
2  2386 2405
2  2541 2942
2  3292 4107
2  3386 3639
2  3389 3922
2  4461 4979
2  5356 6500
2  5844 5977
2  6635 7791
2  6983 8523
2  7667 8461
2  8791 9636
2  9604 342
2  9701 9724
2  9742 173
2  491 741
2  794 2030
2  2410 2508
2  2676 2715
2  3199 3385
2  3827 4425
2  4371 7322
2  5005 5177
2  5327 6158
2  6371 6434
2  7092 7399
2  8164 8602
2  8374 8491
2  8731 9162
2  9148 9186
2  9533 9557
2  9632 621
2  9644 9717
2  409 872
2  1534 1918
2  1992 2883
2  2825 3008
2  3756 3819
2  3866 4220
2  4273 4369
2  4810 5413
2  5187 5266
2  5885 6242
2  6254 6420
2  6647 7627
2  7340 7820
2  7706 7992
2  8136 8872
2  8725 821
2  9342 9773
2  69 917
2  148 984
2  195 1206
2  1045 1329
2  1063 1415
2  1439 2934
2  1554 1705
2  1897 1969
2  2747 3225
2  3267 3799
2  3794 3935
2  4323 4978
2  4435 4651
2  5073 5210
2  5399 5643
2  5957 6678
2  7069 8857
2  7228 7636
2  7712 7832
2  9282 312
2  9609 435
2  9977 483
2  437 605
2  508 652
2  901 1610
2  1731 2172
2  2166 2427
2  2503 3058
2  2803 2873
2  2884 3144
2  3227 3466
2  3474 4237
2  3620 4260
2  4032 4103
2  4214 4356
2  4535 5045
2  4807 5167
2  5265 5361
2  5470 7165
2  5840 5853
2  5883 6234
2  5979 6480
2  6174 6499
2  7033 7243
2  7093 7393
2  7264 7938
2  7276 7736
2  7408 8613
2  7547 9963
2  8728 8879
2  8758 194
2  9159 9327
2  9362 1654
2  179 2330
2  987 2425
2  1305 2996
2  2500 3636
2  4224 5350
2  4372 4758
2  4822 4860
2  5340 5745
2  5508 6077
2  6654 6841
2  6675 6901
2  7097 7172
2  7416 7588
2  7793 8142
2  7915 8395
2  8507 8535
2  8570 8778
2  8770 9070
2  8780 9011
2  9775 9787
2  9822 111
2  118 184
2  192 209
2  303 1142
2  596 2170
2  2206 3476
2  2556 3082
2  2769 3530
2  3879 4891
2  3984 4732
2  4577 6853
2  4890 4972
2  6187 7059
2  7427 7789
2  7639 8144
2  8117 8311
2  8786 9749
2  8877 9380
2  9415 729
2  478 482
2  1614 1728
2  1831 2520
2  3044 3189
2  3777 4175
2  4285 4376
2  5067 7086
2  5107 5557
2  5279 6128
2  6141 7098
2  7561 7856
2  7578 7883
2  7942 8038
2  8114 8961
2  8224 8405
2  8361 8417
2  8975 9264
2  9218 9571
2  9421 9931
2  121 274
2  230 908
2  1485 1695
2  1517 2512
2  1972 2771
2  2485 2808
2  2812 4523
2  2974 3716
2  3493 3717
2  3727 4952
2  4724 5747
2  5696 6614
2  5906 5993
2  5983 6902
2  6156 6308
2  6411 7075
2  7590 7741
2  8061 8244
2  8135 9556
2  8272 9436
2  156 1350
2  781 1496
2  1625 3685
2  2039 2098
2  4232 4470
2  4699 4899
2  5483 6177
2  5504 6682
2  6559 7077
2  6720 6833
2  6937 7045
2  7187 7483
2  7606 7847
2  8002 8462
2  8009 256
2  8075 8530
2  9031 9793
2  61 311
2  424 507
2  574 833
2  1177 1226
2  1283 1937
2  1749 2110
2  2271 2272
2  2532 2602
2  2827 3635
2  4063 4098
2  4333 4845
2  5213 5304
2  5533 5727
2  5617 5870
2  6265 6429
2  6428 6545
2  6607 7730
2  7017 7864
2  8011 8045
2  8110 8561
2  8220 8542
2  8500 9736
2  8698 8797
2  8880 81
2  9126 428
2  682 866
2  795 1006
2  1171 1326
2  1501 1513
2  1634 1753
2  1696 1917
2  1804 1984
2  2231 2298
2  2447 3023
2  2657 4297
2  3053 3059
2  3108 3690
2  3307 4427
2  4440 5158
2  4588 4876
2  4913 5023
2  4966 4980
2  5260 5262
2  5377 5382
2  5783 5938
2  6026 7248
2  6971 7404
2  7068 8494
2  7337 7533
2  7550 8556
2  8159 8635
2  8868 9301
2  9357 9686
2  9457 406
2  9498 803
2  538 1166
2  903 1622
2  959 1703
2  1789 2252
2  3268 3993
2  3469 5480
2  4262 4305
2  5008 5754
2  5907 6551
2  6075 6293
2  6539 6998
2  7022 7138
2  7030 7292
2  7139 7367
2  7682 7711
2  7830 7833
2  7929 8190
2  8441 8473
2  8850 8924
2  9007 9296
2  9521 9910
2  9932 182
2  1275 1762
2  1307 2583
2  1932 2357
2  2310 2393
2  2673 3266
2  2900 3361
2  3205 4591
2  3534 3846
2  4770 5472
2  5585 5910
2  5632 6021
2  6098 6237
2  6257 8555
2  6412 6617
2  7067 7584
2  7453 7514
2  8592 8968
2  9823 658
2  603 668
2  1149 1191
2  1824 2138
2  2645 3286
2  3154 3416
2  3705 4060
2  3854 3963
2  4019 4048
2  4283 4453
2  4793 4893
2  4830 4923
2  4843 5693
2  4851 5010
2  5281 5900
2  5926 6848
2  6393 6519
2  6533 6799
2  6859 7102
2  7129 7688
2  7281 9042
2  7523 9577
2  9044 9698
2  9548 25
2  224 275
2  341 452
2  698 1190
2  921 1612
2  1770 1878
2  2026 2385
2  2546 2664
2  2899 3382
2  2928 2961
2  3169 3810
2  3591 3994
2  3611 3803
2  4236 4911
2  4571 5100
2  5430 6222
2  5640 6040
2  6454 6643
2  6961 7574
2  7000 8001
2  7071 7985
2  7658 9297
2  8085 8541
2  9189 9411
2  9311 27
2  9861 238
2  9914 54
2  319 468
2  526 582
2  659 746
2  886 972
2  1302 2153
2  1775 2656
2  2280 2662
2  2709 3454
2  3523 3619
2  3696 4009
2  3719 3990
2  4691 5809
2  5538 5838
2  5828 6119
2  6031 6185
2  6195 6334
2  6290 7852
2  6509 6592
2  6862 6923
2  7782 7890
2  8000 8231
2  8334 9146
2  8554 9059
2  9101 9229
2  9204 9270
2  9554 180
2  9972 412
2  999 1134
2  1316 1777
2  1667 1873
2  2038 2980
2  2525 3156
2  3413 3754
2  4209 4821
2  4525 5386
2  5549 5635
2  6199 6516
2  6283 6391
2  6491 6772
2  6850 7504
2  7011 8109
2  7261 7488
2  8034 9024
2  8118 9825
2  9720 379
2  9933 422
2  573 1087
2  1237 1725
2  1308 2010
2  1880 2154
2  2758 3645
2  3383 3843
2  4034 4252
2  4132 4520
2  4174 4556
2  4581 4987
2  4705 5257
2  5014 5227
2  5697 5778
2  5859 6163
2  5949 6792
2  7222 8098
2  8318 8546
2  8344 8508
2  8757 9336
2  9150 9400
2  154 533
2  360 583
2  911 1290
2  986 1374
2  1401 1664
2  1915 1964
2  2431 2733
2  2706 2858
2  3201 3628
2  3340 3643
2  3546 4062
2  3788 4438
2  4976 5049
2  5029 5108
2  5153 5342
2  5406 5466
2  5527 5539
2  5619 5820
2  6631 7005
2  7042 7822
